[0m[[0m[0mdebug[0m] [0m[0m> Exec(__runWatch console0, Some(e8e19ef4-200d-42eb-a0bd-de9c3dc53fb5), Some(CommandSource(console0)))[0m
[0m[[0m[0mdebug[0m] [0m[0m> Exec(sbtStashOnFailure, None, Some(CommandSource(console0)))[0m
[0m[[0m[0mdebug[0m] [0m[0m> Exec(__preWatch console0, None, Some(CommandSource(console0)))[0m
[0m[[0m[0mdebug[0m] [0m[0m> Exec(run, None, Some(CommandSource(console0)))[0m
[0m[[0m[0mdebug[0m] [0m[0mEvaluating tasks: Compile / run[0m
[0m[[0m[0mdebug[0m] [0m[0mRunning task... Cancel: Signal, check cycles: false, forcegc: true[0m
[0m[[0m[0minfo[0m] [0m[0mcompiling 1 Scala source to /Users/daanvi/workspace/hermes-data-pipeline/target/scala-2.12/classes ...[0m
[0m[[0m[31merror[0m] [0m[0m/Users/daanvi/workspace/hermes-data-pipeline/src/main/scala/org/hermes/pipeline/DataPipeline.scala:17:16: not found: value Logger[0m
[0m[[0m[31merror[0m] [0m[0m  val LOGGER = Logger(LoggerFactory.getLogger("Datapipeline"))[0m
[0m[[0m[31merror[0m] [0m[0m               ^[0m
[0m[[0m[31merror[0m] [0m[0m/Users/daanvi/workspace/hermes-data-pipeline/src/main/scala/org/hermes/pipeline/DataPipeline.scala:17:23: not found: value LoggerFactory[0m
[0m[[0m[31merror[0m] [0m[0m  val LOGGER = Logger(LoggerFactory.getLogger("Datapipeline"))[0m
[0m[[0m[31merror[0m] [0m[0m                      ^[0m
[0m[[0m[31merror[0m] [0m[0mtwo errors found[0m
[0m[[0m[0mdebug[0m] [0m[0mForcing garbage collection...[0m
[0m[[0m[31merror[0m] [0m[0m(Compile / [31mcompileIncremental[0m) Compilation failed[0m
[0m[[0m[31merror[0m] [0m[0mTotal time: 1 s, completed 23 Jun 2022, 09:52:42[0m
[0m[[0m[0mdebug[0m] [0m[0m> Exec(resumeFromFailure, None, Some(CommandSource(console0)))[0m
[0m[[0m[0mdebug[0m] [0m[0m> Exec(sbtPopOnFailure, None, Some(CommandSource(console0)))[0m
[0m[[0m[0mdebug[0m] [0m[0m> Exec(__postWatch console0, None, Some(CommandSource(console0)))[0m
[0m[[0m[0mdebug[0m] [0m[0m> Exec(resumeFromFailure, None, None)[0m
[0m[[0m[0mdebug[0m] [0m[0m> Exec(__waitWatch console0, None, None)[0m
