[0m[[0m[0mdebug[0m] [0m[0m> Exec(__runWatch console0, Some(10e326d0-2432-4836-9070-e22b726f7ffe), Some(CommandSource(console0)))[0m
[0m[[0m[0mdebug[0m] [0m[0m> Exec(sbtStashOnFailure, None, Some(CommandSource(console0)))[0m
[0m[[0m[0mdebug[0m] [0m[0m> Exec(__preWatch console0, None, Some(CommandSource(console0)))[0m
[0m[[0m[0mdebug[0m] [0m[0m> Exec(run, None, Some(CommandSource(console0)))[0m
[0m[[0m[0mdebug[0m] [0m[0mEvaluating tasks: Compile / run[0m
[0m[[0m[0mdebug[0m] [0m[0mRunning task... Cancel: Signal, check cycles: false, forcegc: true[0m
[0m[[0m[0minfo[0m] [0m[0mcompiling 2 Scala sources to /Users/daanvi/workspace/hermes-data-pipeline/target/scala-2.13/classes ...[0m
[0m[[0m[31merror[0m] [0m[0m/Users/daanvi/workspace/hermes-data-pipeline/src/main/scala/org/hermes/pipeline/DataPipeline.scala:20:32: could not find implicit value for parameter sc: org.apache.spark.SparkContext[0m
[0m[[0m[31merror[0m] [0m[0m    val sourceRDD = applySource(source)[0m
[0m[[0m[31merror[0m] [0m[0m                               ^[0m
[0m[[0m[31merror[0m] [0m[0m/Users/daanvi/workspace/hermes-data-pipeline/src/main/scala/org/hermes/pipeline/DataPipeline.scala:27:47: type SQLContext is not a member of package org.apache.spark.sql[0m
[0m[[0m[31merror[0m] [0m[0m    val sqlContext = new org.apache.spark.sql.SQLContext(sc)[0m
[0m[[0m[31merror[0m] [0m[0m                                              ^[0m
[0m[[0m[31merror[0m] [0m[0mtwo errors found[0m
[0m[[0m[0mdebug[0m] [0m[0mForcing garbage collection...[0m
[0m[[0m[31merror[0m] [0m[0m(Compile / [31mcompileIncremental[0m) Compilation failed[0m
[0m[[0m[31merror[0m] [0m[0mTotal time: 1 s, completed 22 Jun 2022, 17:43:27[0m
[0m[[0m[0mdebug[0m] [0m[0m> Exec(resumeFromFailure, None, Some(CommandSource(console0)))[0m
[0m[[0m[0mdebug[0m] [0m[0m> Exec(sbtPopOnFailure, None, Some(CommandSource(console0)))[0m
[0m[[0m[0mdebug[0m] [0m[0m> Exec(__postWatch console0, None, Some(CommandSource(console0)))[0m
[0m[[0m[0mdebug[0m] [0m[0m> Exec(resumeFromFailure, None, None)[0m
[0m[[0m[0mdebug[0m] [0m[0m> Exec(__waitWatch console0, None, None)[0m
